2018-04-09 15:58:51,686 - brc - INFO - Running with args : Namespace(algo='BIDAF', batch_size=32, brc_dir='../data/baidu', dev_files=['../data/preprocessed/devset/search.dev.json', '../data/preprocessed/devset/zhidao.dev.json'], dropout_keep_prob=1, embed_size=300, epochs=10, evaluate=False, gpu='0', hidden_size=150, learning_rate=0.001, log_path=None, max_a_len=200, max_p_len=500, max_p_num=5, max_q_len=60, model_dir='../data/models/', optim='adam', predict=False, prepare=True, result_dir='../data/results/', summary_dir='../data/summary/', test_files=['../data/preprocessed/testset/search.test1.json', '../data/preprocessed/testset/zhidao.test1.json'], train=False, train_files=['../data/preprocessed/trainset/search.train.json', '../data/preprocessed/trainset/zhidao.train.json'], vocab_dir='../data/vocab/', weight_decay=0)
2018-04-09 15:58:51,686 - brc - INFO - Checking the data files...
2018-04-09 15:58:51,686 - brc - INFO - Preparing the directories...
2018-04-09 15:58:51,686 - brc - INFO - Building vocabulary...
2018-04-09 16:00:13,647 - brc - INFO - Train set size: 171623 questions.
2018-04-09 16:00:22,566 - brc - INFO - Dev set size: 10000 questions.
2018-04-09 16:01:31,239 - brc - INFO - Test set size: 60000 questions.
2018-04-09 16:02:54,213 - brc - INFO - After filter 273648 tokens, the final vocab size is 405654
2018-04-09 16:02:54,213 - brc - INFO - Assigning embeddings...
2018-04-09 16:02:55,076 - brc - INFO - Saving vocab...
2018-04-09 16:02:57,422 - brc - INFO - Done with preparing!
2018-04-09 16:03:11,654 - brc - INFO - Running with args : Namespace(algo='BIDAF', batch_size=32, brc_dir='../data/baidu', dev_files=['../data/preprocessed/devset/search.dev.json', '../data/preprocessed/devset/zhidao.dev.json'], dropout_keep_prob=1, embed_size=300, epochs=10, evaluate=False, gpu='0', hidden_size=150, learning_rate=0.001, log_path=None, max_a_len=200, max_p_len=500, max_p_num=5, max_q_len=60, model_dir='../data/models/', optim='adam', predict=False, prepare=False, result_dir='../data/results/', summary_dir='../data/summary/', test_files=['../data/preprocessed/testset/search.test1.json', '../data/preprocessed/testset/zhidao.test1.json'], train=True, train_files=['../data/preprocessed/trainset/search.train.json', '../data/preprocessed/trainset/zhidao.train.json'], vocab_dir='../data/vocab/', weight_decay=0)
2018-04-09 16:03:11,654 - brc - INFO - Load data_set and vocab...
2018-04-09 16:04:32,985 - brc - INFO - Train set size: 171623 questions.
2018-04-09 16:04:40,307 - brc - INFO - Dev set size: 10000 questions.
2018-04-09 16:04:40,307 - brc - INFO - Converting text into ids...
2018-04-09 16:05:36,893 - brc - INFO - Initialize the model...
2018-04-09 16:05:47,857 - brc - INFO - Time to build graph: 10.954596519470215 s
2018-04-09 16:06:17,571 - brc - INFO - There are 125190003 parameters in the model
2018-04-09 16:06:26,524 - brc - INFO - Training the model...
2018-04-09 16:06:26,524 - brc - INFO - Training the model for epoch 1
